2023-10-10 11:04:14 - Invalid input data: Siddhesh, siddhesh@gmail.com, 9137212368, male, admin
2023-10-10 11:04:41 - Invalid input data: Dnyanesh, dnyanesh@gmail.com, 9220163919, male, user
2023-10-10 11:08:15 - Invalid input data: Siddhesh, siddhesh@gmail.com, 9137212368, male, admin
2023-10-10 11:08:59 - Invalid input data: Siddhesh, siddhesh@gmail.com, 9137212368, male, admin
2023-10-10 11:11:03 - Invalid input data: Siddhesh, siddhesh@gmail.com, 9137212368, male, admin
2023-10-10 11:13:24 - Invalid input data: Siddhesh, siddhesh@gmail.com, 9137212368, male, admin
2023-10-10 11:17:43 - Invalid input data: Siddhesh, siddhesh@gmail.com, 9137212368, male, admin
2023-10-10 11:21:03 - Invalid input data: Siddhesh, siddhesh@gmail.com, 9137212368, male, admin
2023-10-10 11:24:05 - Invalid input data: Siddhesh, siddhesh@gmail.com, 9137212368, male, admin
2023-10-10 11:27:23 - Invalid input data: Siddhesh, siddhesh@gmail.com, 9137212368, male, admin
2023-10-10 11:30:20 - Invalid input data: Siddhesh, siddhesh@gmail.com, 9137212368, male, admin
2023-10-10 11:31:43 - Invalid input data: Siddhesh, siddhesh@gmail.com, 9137212368, male, admin
2023-10-10 11:32:23 - Invalid input data: Siddhesh, siddhesh@gmail.com, 9137212368, male, admin
2023-10-10 11:34:11 - Invalid input data: Siddhesh, siddhesh@gmail.com, 9137212368, male, admin
2023-10-10 11:35:32 - Invalid input data: Siddhesh, siddhesh@gmail.com, 9137212368, male, admin
2023-10-10 11:37:05 - Invalid input data: Siddhesh, siddhesh@gmail.com, 9137212368, , admin
2023-10-10 11:38:57 - Invalid input data: Siddhesh, siddhesh@gmail.com, 9137212368, male, admin
2023-10-10 11:39:08 - Invalid input data: , , , , 
2023-10-10 11:41:43 - Invalid input data: Siddhesh, siddhesh@gmail.com, 9137212368, male, admin
2023-10-10 11:42:08 - Invalid input data: , , , , 
2023-10-10 11:46:26 - Invalid input data: Siddhesh, siddhesh@gmai.com, 9137212368, male, admin
2023-10-10 11:49:51 - Invalid input data: Siddhesh, siddhesh@gmail.com, 9137212368, male, admin
2023-10-10 11:53:16 - Invalid input data: Siddhesh, siddhesh@gmail.com, 9137212368, male, admin
2023-10-10 11:54:55 - Invalid input data: Siddhesh, siddhesh@gmail.com, 9137212368, male, admin
2023-10-10 11:56:24 - Invalid input data: Siddhesh, siddhesh@gmail.com, 9137212368, male, admin
2023-10-10 12:00:56 - Invalid input data: Siddhesh, siddhesh@gmail.com, 9137212368, male, admin
2023-10-10 12:02:55 - Invalid input data: Siddhesh, siddhesh@gmail.com, 9137212368, male, admin
2023-10-10 12:06:02 - Invalid input data: Siddhesh, siddhesh@gmail.com, 9137212368, male, admin
2023-10-10 12:08:42 - Invalid input data: Siddhesh, siddhesh@gmail.com, 9137212368, male, admin
2023-10-10 12:10:14 - Invalid input data: Siddhesh, siddhesh@gmail.com, 9137212368, male, admin
2023-10-10 12:12:33 - User registered successfully: Siddhesh, siddhesh@gmai.com
2023-10-10 12:13:18 - User registered successfully: Dnyanesh, dnyanesh@gmail.com
2023-10-10 14:27:55 - User registered successfully: Siddhesh, siddhesh@gmail.com
2023-10-10 14:28:36 - User registered successfully: Dnyanesh, dnyanesh@gmail.com
2023-10-11 05:48:08 - User registered successfully: Rahul, rahul@gmail.com
2023-10-11 09:27:03 - User registered successfully: Darshana, darshana@gmail.com
2023-10-11 11:57:16 - User registered successfully: Siddhesh, siddhesh@gmail.com
2023-10-16 08:07:03 - User registered successfully: Bandu, bandu@gmail.com
2023-10-16 09:56:57 - User registered successfully: Dnyanesh, dnyanesh@gmail.com
2023-10-16 10:20:13 - User registered successfully: Siddhesh, siddhesh@gmail.com
2023-10-16 10:21:42 - User registered successfully: Dnyanesh, dnyanesh@gmail.com
2023-10-16 12:04:25 - User registered successfully: Minal, minal@gmail.com
2023-10-16 13:00:33 - User registered successfully: Siddhesh, siddhesh@gmail.com
2023-10-16 13:07:22 - User registered successfully: Dnyanesh, dnyanesh@gmail.com
2023-10-17 07:08:25 - User registered successfully: Minal, minal@gmail.com
2023-10-17 07:09:43 - User registered successfully: Siddhesh, siddhesh@gmail.com
2023-10-17 07:10:26 - User registered successfully: Dnyanesh, dnyanesh@gmail.com
2023-10-17 07:12:07 - User registered successfully: Siddhesh, siddhesh@gmail.com
2023-10-17 07:13:06 - User registered successfully: Dnyanesh, dnyanesh@gmail.com
